  main.cpp
C:\Users\xaist\source\repos\LuveiaStreamerThing\LuveiaStreamerThing\main.cpp(95,69): warning C4244: 'argument': conversion from '_Ty' to 'sf::Uint8', possible loss of data
          with
          [
              _Ty=float
          ]
C:\Users\xaist\source\repos\LuveiaStreamerThing\LuveiaStreamerThing\main.cpp(95,59): warning C4244: 'argument': conversion from '_Ty' to 'sf::Uint8', possible loss of data
          with
          [
              _Ty=float
          ]
C:\Users\xaist\source\repos\LuveiaStreamerThing\LuveiaStreamerThing\main.cpp(95,49): warning C4244: 'argument': conversion from '_Ty' to 'sf::Uint8', possible loss of data
          with
          [
              _Ty=float
          ]
C:\Users\xaist\source\repos\LuveiaStreamerThing\LuveiaStreamerThing\main.cpp(95,39): warning C4244: 'argument': conversion from '_Ty' to 'sf::Uint8', possible loss of data
          with
          [
              _Ty=float
          ]
  LuveiaStreamerThing.vcxproj -> C:\Users\xaist\source\repos\LuveiaStreamerThing\x64\Debug\LuveiaStreamerThing.exe
